<?xml version="1.0" encoding="UTF-8"?>
<!-- Generated by org.testng.reporters.JUnitReportReporter -->
<testsuite hostname="DESKTOP-TCG2L2E" failures="0" tests="2" name="com.vtiger.productsTest.CreateProductsTest" time="66.142" errors="0" timestamp="2022-05-21T13:17:59 IST" skipped="0">
  <testcase classname="com.vtiger.productsTest.CreateProductsTest" name="createProductsFromPropertiesByTestNgTest" time="30.674"/>
  <system-out/>
  <testcase classname="com.vtiger.productsTest.CreateProductsTest" name="createProductsFromPropertiesByTestNgTest" time="35.468"/>
  <system-out/>
</testsuite> <!-- com.vtiger.productsTest.CreateProductsTest -->
