<?xml version="1.0" encoding="UTF-8"?>
<!-- Generated by org.testng.reporters.JUnitReportReporter -->
<testsuite hostname="DESKTOP-TCG2L2E" failures="0" tests="2" name="com.vtiger.campaignTest.CreateCampaignWithProductsTest" time="97.196" errors="0" timestamp="2022-05-21T13:17:59 IST" skipped="0">
  <testcase classname="com.vtiger.campaignTest.CreateCampaignWithProductsTest" name="createCampaignWithProductsByTest" time="46.218"/>
  <system-out/>
  <testcase classname="com.vtiger.campaignTest.CreateCampaignWithProductsTest" name="createCampaignWithProductsByTest" time="50.978"/>
  <system-out/>
</testsuite> <!-- com.vtiger.campaignTest.CreateCampaignWithProductsTest -->
