<?xml version="1.0" encoding="UTF-8"?>
<!-- Generated by org.testng.reporters.JUnitReportReporter -->
<testsuite hostname="DESKTOP-TCG2L2E" failures="0" tests="1" name="com.vtiger.campaignTest.CreateCampaignWithProductsByTestNgTest" time="46.635" errors="0" timestamp="2022-05-18T13:29:50 IST" skipped="0">
  <testcase classname="com.vtiger.campaignTest.CreateCampaignWithProductsByTestNgTest" name="createCampaignWithProductsByTest" time="46.635"/>
  <system-out/>
</testsuite> <!-- com.vtiger.campaignTest.CreateCampaignWithProductsByTestNgTest -->
