<?xml version="1.0" encoding="UTF-8"?>
<!-- Generated by org.testng.reporters.JUnitReportReporter -->
<testsuite hostname="DESKTOP-TCG2L2E" failures="0" tests="1" name="com.vtiger.campaignTest.CreateCampaignByTestNgTest" time="29.635" errors="0" timestamp="2022-05-17T17:04:38 IST" skipped="0">
  <testcase classname="com.vtiger.campaignTest.CreateCampaignByTestNgTest" name="createCampaignByTestNgTest" time="29.635"/>
  <system-out/>
</testsuite> <!-- com.vtiger.campaignTest.CreateCampaignByTestNgTest -->
