<?xml version="1.0" encoding="UTF-8"?>
<!-- Generated by org.testng.reporters.JUnitReportReporter -->
<testsuite hostname="DESKTOP-TCG2L2E" failures="0" tests="2" name="com.vtiger.practice.TestNgPractice2Test" time="0.018" errors="0" timestamp="2022-05-20T10:24:38 IST" skipped="0">
  <testcase classname="com.vtiger.practice.TestNgPractice2Test" name="practice1Test" time="0.011"/>
  <system-out>
    <![CDATA[TestNgPractice2Test-->Test1]]>
  </system-out>
  <testcase classname="com.vtiger.practice.TestNgPractice2Test" name="practice3Test" time="0.007"/>
  <system-out>
    <![CDATA[TestNgPractice2Test-->Test3]]>
  </system-out>
</testsuite> <!-- com.vtiger.practice.TestNgPractice2Test -->
