<?xml version="1.0" encoding="UTF-8"?>
<!-- Generated by org.testng.reporters.JUnitReportReporter -->
<testsuite hostname="DESKTOP-TCG2L2E" failures="0" tests="1" name="com.vtiger.organizationsTCTest.FindDupicatesOrganizationByTestNgTest" time="12.275" errors="0" timestamp="2022-05-18T15:49:23 IST" skipped="0">
  <testcase classname="com.vtiger.organizationsTCTest.FindDupicatesOrganizationByTestNgTest" name="findDupicatesOrganizationByTestNgTest" time="12.275"/>
  <system-out/>
</testsuite> <!-- com.vtiger.organizationsTCTest.FindDupicatesOrganizationByTestNgTest -->
