<?xml version="1.0" encoding="UTF-8"?>
<!-- Generated by org.testng.reporters.JUnitReportReporter -->
<testsuite hostname="DESKTOP-TCG2L2E" failures="0" tests="1" name="com.vtiger.contactsTest.CreateContactWithExternalExcelByTestNgTest" time="39.636" errors="0" timestamp="2022-05-18T12:04:44 IST" skipped="0">
  <testcase classname="com.vtiger.contactsTest.CreateContactWithExternalExcelByTestNgTest" name="createContactWithExternalExcelByTestNgTest" time="39.636"/>
  <system-out/>
</testsuite> <!-- com.vtiger.contactsTest.CreateContactWithExternalExcelByTestNgTest -->
