<?xml version="1.0" encoding="UTF-8"?>
<!-- Generated by org.testng.reporters.JUnitReportReporter -->
<testsuite hostname="DESKTOP-TCG2L2E" failures="0" tests="1" name="com.vtiger.organizationsTest.CreateOrganizationByTestNgInIndustryTest" time="25.392" errors="0" timestamp="2022-05-18T14:38:02 IST" skipped="0">
  <testcase classname="com.vtiger.organizationsTest.CreateOrganizationByTestNgInIndustryTest" name="createOrganizationByTestNgInIndustryTest" time="25.392"/>
  <system-out/>
</testsuite> <!-- com.vtiger.organizationsTest.CreateOrganizationByTestNgInIndustryTest -->
