<?xml version="1.0" encoding="UTF-8"?>
<!-- Generated by org.testng.reporters.JUnitReportReporter -->
<testsuite hostname="DESKTOP-TCG2L2E" failures="0" tests="2" name="com.vtiger.organizationsTCTest.OpenCreatedOrganizationFromOrganizationListTest" time="81.002" errors="0" timestamp="2022-05-21T13:17:59 IST" skipped="0">
  <testcase classname="com.vtiger.organizationsTCTest.OpenCreatedOrganizationFromOrganizationListTest" name="openCreatedOrganizationFromOrganizationListByTestNgTest" time="39.901"/>
  <system-out/>
  <testcase classname="com.vtiger.organizationsTCTest.OpenCreatedOrganizationFromOrganizationListTest" name="openCreatedOrganizationFromOrganizationListByTestNgTest" time="41.101"/>
  <system-out/>
</testsuite> <!-- com.vtiger.organizationsTCTest.OpenCreatedOrganizationFromOrganizationListTest -->
