<?xml version="1.0" encoding="UTF-8"?>
<!-- Generated by org.testng.reporters.JUnitReportReporter -->
<testsuite hostname="DESKTOP-TCG2L2E" failures="0" tests="1" name="com.vtiger.documentsTest.CreateDocumentWithIframByTestNgTest" time="36.951" errors="0" timestamp="2022-05-18T12:50:21 IST" skipped="0">
  <testcase classname="com.vtiger.documentsTest.CreateDocumentWithIframByTestNgTest" name="createDocumentWithIframByTestNgTest" time="36.951"/>
  <system-out/>
</testsuite> <!-- com.vtiger.documentsTest.CreateDocumentWithIframByTestNgTest -->
