<?xml version="1.0" encoding="UTF-8"?>
<!-- Generated by org.testng.reporters.JUnitReportReporter -->
<testsuite hostname="DESKTOP-TCG2L2E" failures="0" tests="1" name="com.vtiger.contactsTest.CreateContactWithOrganizationByTestNgTest" time="34.021" errors="0" timestamp="2022-05-18T15:14:38 IST" skipped="0">
  <testcase classname="com.vtiger.contactsTest.CreateContactWithOrganizationByTestNgTest" name="createContactWithOrganizationByTestNgTest" time="34.021"/>
  <system-out/>
</testsuite> <!-- com.vtiger.contactsTest.CreateContactWithOrganizationByTestNgTest -->
