<?xml version="1.0" encoding="UTF-8"?>
<!-- Generated by org.testng.reporters.JUnitReportReporter -->
<testsuite hostname="DESKTOP-TCG2L2E" failures="0" tests="2" name="com.vtiger.campaignTest.CreateCampaignTest" time="66.359" errors="0" timestamp="2022-05-21T13:17:59 IST" skipped="0">
  <testcase classname="com.vtiger.campaignTest.CreateCampaignTest" name="createCampaignByTestNgTest" time="34.931"/>
  <system-out/>
  <testcase classname="com.vtiger.campaignTest.CreateCampaignTest" name="createCampaignByTestNgTest" time="31.428"/>
  <system-out/>
</testsuite> <!-- com.vtiger.campaignTest.CreateCampaignTest -->
