<?xml version="1.0" encoding="UTF-8"?>
<!-- Generated by org.testng.reporters.JUnitReportReporter -->
<testsuite hostname="DESKTOP-TCG2L2E" failures="0" tests="2" name="com.vtiger.contactsTest.CreateContactsWithOrganizationTest" time="108.812" errors="0" timestamp="2022-05-21T13:17:59 IST" skipped="0">
  <testcase classname="com.vtiger.contactsTest.CreateContactsWithOrganizationTest" name="createContactWithOrganizationByTestNgTest" time="55.994"/>
  <system-out/>
  <testcase classname="com.vtiger.contactsTest.CreateContactsWithOrganizationTest" name="createContactWithOrganizationByTestNgTest" time="52.818"/>
  <system-out/>
</testsuite> <!-- com.vtiger.contactsTest.CreateContactsWithOrganizationTest -->
