<?xml version="1.0" encoding="UTF-8"?>
<!-- Generated by org.testng.reporters.JUnitReportReporter -->
<testsuite hostname="DESKTOP-TCG2L2E" failures="0" tests="1" name="com.vtiger.productsTest.CreateProductsFromPropertiesByTestNgTest" time="24.318" errors="0" timestamp="2022-05-18T16:18:48 IST" skipped="0">
  <testcase classname="com.vtiger.productsTest.CreateProductsFromPropertiesByTestNgTest" name="createProductsFromPropertiesByTestNgTest" time="24.318"/>
  <system-out/>
</testsuite> <!-- com.vtiger.productsTest.CreateProductsFromPropertiesByTestNgTest -->
