<?xml version="1.0" encoding="UTF-8"?>
<!-- Generated by org.testng.reporters.JUnitReportReporter -->
<testsuite hostname="DESKTOP-TCG2L2E" failures="0" tests="1" name="com.vtiger.contactsTest.CreateContactsTest" time="35.890" errors="0" timestamp="2022-05-24T16:57:53 IST" skipped="0">
  <testcase classname="com.vtiger.contactsTest.CreateContactsTest" name="createContactWithExternalExcelByTestNgTest" time="35.890"/>
  <system-out/>
</testsuite> <!-- com.vtiger.contactsTest.CreateContactsTest -->
