<?xml version="1.0" encoding="UTF-8"?>
<!-- Generated by org.testng.reporters.JUnitReportReporter -->
<testsuite hostname="DESKTOP-TCG2L2E" failures="0" tests="2" name="com.vtiger.documentsTest.CreateDocumentTest" time="86.972" errors="0" timestamp="2022-05-20T17:36:05 IST" skipped="0">
  <testcase classname="com.vtiger.documentsTest.CreateDocumentTest" name="createDocumentWithIframByTestNgTest" time="49.783"/>
  <system-out/>
  <testcase classname="com.vtiger.documentsTest.CreateDocumentTest" name="createDocumentWithIframByTestNgTest" time="37.189"/>
  <system-out/>
</testsuite> <!-- com.vtiger.documentsTest.CreateDocumentTest -->
