<?xml version="1.0" encoding="UTF-8"?>
<!-- Generated by org.testng.reporters.JUnitReportReporter -->
<testsuite hostname="DESKTOP-TCG2L2E" failures="0" tests="1" name="com.vtiger.organizationsTest.CreateOrganizationByTestNgTest" time="15.285" errors="0" timestamp="2022-05-18T13:44:49 IST" skipped="0">
  <testcase classname="com.vtiger.organizationsTest.CreateOrganizationByTestNgTest" name="createOrganizationByTestNgTest" time="15.285"/>
  <system-out/>
</testsuite> <!-- com.vtiger.organizationsTest.CreateOrganizationByTestNgTest -->
