<?xml version="1.0" encoding="UTF-8"?>
<!-- Generated by org.testng.reporters.JUnitReportReporter -->
<testsuite hostname="DESKTOP-TCG2L2E" failures="0" tests="2" name="com.vtiger.organizationsTCTest.CheckOrganizationSettingTest" time="43.552" errors="0" timestamp="2022-05-21T13:17:59 IST" skipped="0">
  <testcase classname="com.vtiger.organizationsTCTest.CheckOrganizationSettingTest" name="checkOrganizationSettingByTestNgTest" time="25.158"/>
  <system-out/>
  <testcase classname="com.vtiger.organizationsTCTest.CheckOrganizationSettingTest" name="checkOrganizationSettingByTestNgTest" time="18.394"/>
  <system-out/>
</testsuite> <!-- com.vtiger.organizationsTCTest.CheckOrganizationSettingTest -->
