<?xml version="1.0" encoding="UTF-8"?>
<!-- Generated by org.testng.reporters.JUnitReportReporter -->
<testsuite hostname="DESKTOP-TCG2L2E" failures="0" tests="2" name="com.vtiger.organizationsTCTest.TcSearchOrganizationsByAssignedToTest" time="72.641" errors="0" timestamp="2022-05-21T13:17:59 IST" skipped="0">
  <testcase classname="com.vtiger.organizationsTCTest.TcSearchOrganizationsByAssignedToTest" name="tcSearchOrganizationsByAssignedToByTestNgTest" time="33.960"/>
  <system-out/>
  <testcase classname="com.vtiger.organizationsTCTest.TcSearchOrganizationsByAssignedToTest" name="tcSearchOrganizationsByAssignedToByTestNgTest" time="38.681"/>
  <system-out/>
</testsuite> <!-- com.vtiger.organizationsTCTest.TcSearchOrganizationsByAssignedToTest -->
