<?xml version="1.0" encoding="UTF-8"?>
<!-- Generated by org.testng.reporters.JUnitReportReporter -->
<testsuite hostname="DESKTOP-TCG2L2E" failures="0" tests="1" name="com.vtiger.organizationsTCTest.OpenCreatedOrganizationFromOrganizationListByTestNgTest" time="26.754" errors="0" timestamp="2022-05-18T14:59:31 IST" skipped="0">
  <testcase classname="com.vtiger.organizationsTCTest.OpenCreatedOrganizationFromOrganizationListByTestNgTest" name="openCreatedOrganizationFromOrganizationListByTestNgTest" time="26.754"/>
  <system-out/>
</testsuite> <!-- com.vtiger.organizationsTCTest.OpenCreatedOrganizationFromOrganizationListByTestNgTest -->
