<?xml version="1.0" encoding="UTF-8"?>
<!-- Generated by org.testng.reporters.JUnitReportReporter -->
<testsuite hostname="DESKTOP-TCG2L2E" failures="0" tests="2" name="com.vtiger.organizationsTCTest.CheckMassEditFromOrganizationRecordsTest" time="51.324" errors="0" timestamp="2022-05-21T13:17:59 IST" skipped="0">
  <testcase classname="com.vtiger.organizationsTCTest.CheckMassEditFromOrganizationRecordsTest" name="checkMassEditFromOrganizationRecordsTest" time="23.016"/>
  <system-out/>
  <testcase classname="com.vtiger.organizationsTCTest.CheckMassEditFromOrganizationRecordsTest" name="checkMassEditFromOrganizationRecordsTest" time="28.308"/>
  <system-out/>
</testsuite> <!-- com.vtiger.organizationsTCTest.CheckMassEditFromOrganizationRecordsTest -->
