<?xml version="1.0" encoding="UTF-8"?>
<!-- Generated by org.testng.reporters.JUnitReportReporter -->
<testsuite hostname="DESKTOP-TCG2L2E" failures="0" tests="1" name="com.vtiger.organizationsTCTest.TcSearchOrganizationsByAssignedToByTestNgTest" time="22.160" errors="0" timestamp="2022-05-18T14:49:19 IST" skipped="0">
  <testcase classname="com.vtiger.organizationsTCTest.TcSearchOrganizationsByAssignedToByTestNgTest" name="tcSearchOrganizationsByAssignedToByTestNgTest" time="22.160"/>
  <system-out/>
</testsuite> <!-- com.vtiger.organizationsTCTest.TcSearchOrganizationsByAssignedToByTestNgTest -->
