<?xml version="1.0" encoding="UTF-8"?>
<!-- Generated by org.testng.reporters.JUnitReportReporter -->
<testsuite hostname="DESKTOP-TCG2L2E" failures="0" tests="2" name="com.vtiger.organizationsTest.CreateOrganizationsTest" time="65.367" errors="0" timestamp="2022-05-21T13:17:59 IST" skipped="0">
  <testcase classname="com.vtiger.organizationsTest.CreateOrganizationsTest" name="createOrganizationByTestNgTest" time="33.223"/>
  <system-out/>
  <testcase classname="com.vtiger.organizationsTest.CreateOrganizationsTest" name="createOrganizationByTestNgTest" time="32.144"/>
  <system-out/>
</testsuite> <!-- com.vtiger.organizationsTest.CreateOrganizationsTest -->
