<?xml version="1.0" encoding="UTF-8"?>
<!-- Generated by org.testng.reporters.JUnitReportReporter -->
<testsuite hostname="DESKTOP-TCG2L2E" failures="0" tests="4" name="com.vtiger.practice.TestNgPractice1Test" time="0.026" errors="0" timestamp="2022-05-20T10:24:38 IST" skipped="0">
  <testcase classname="com.vtiger.practice.TestNgPractice1Test" name="practice4Test" time="0.009"/>
  <system-out>
    <![CDATA[TestNgPractice1Test-->Test4]]>
  </system-out>
  <testcase classname="com.vtiger.practice.TestNgPractice1Test" name="practice1Test" time="0.009"/>
  <system-out>
    <![CDATA[TestNgPractice1Test-->Test1]]>
  </system-out>
  <testcase classname="com.vtiger.practice.TestNgPractice1Test" name="practice2Test" time="0.006"/>
  <system-out>
    <![CDATA[TestNgPractice1Test-->Test2]]>
  </system-out>
  <testcase classname="com.vtiger.practice.TestNgPractice1Test" name="practice5Test" time="0.002"/>
  <system-out>
    <![CDATA[TestNgPractice1Test-->Test5]]>
  </system-out>
</testsuite> <!-- com.vtiger.practice.TestNgPractice1Test -->
